        -:    0:Source:array.c
        -:    1:#include<stdio.h>
        -:    2:#include"array.h"
        -:    3:#define MAX 100
        -:    4:int adjmatrix[MAX][MAX];
        1:    5:void startgraph(int numver)
        -:    6:{
        5:    7:	for (int i = 0; i < numver; i++)
        -:    8:	{
       20:    9:		for(int j =0; j <numver; j++)
        -:   10:		{
       16:   11:			adjmatrix[i][j] = 0;
        -:   12:		}
        -:   13:	}
        1:   14:}
        3:   15:void addedge(int src , int dest)
        -:   16:{
        3:   17:	adjmatrix[src][dest] = 1;
        3:   18:}
        1:   19:void printgraph(int numver)
        -:   20:{
        5:   21:	for (int i = 0; i < numver; i++)
        -:   22:        {
       20:   23:                for(int j =0; j <numver; j++)
        -:   24:                {
       16:   25:                       printf("%d ", adjmatrix[i][j]);
        -:   26:                }
        4:   27:		printf("\n");
        -:   28:	}
        1:   29:}
