        -:    0:Source:opt1.c
        -:    0:Graph:opt_1-opt1.gcno
        -:    0:Data:opt_1-opt1.gcda
        -:    0:Runs:1
        -:    1:#include<stdio.h>
        -:    2:
function main called 1 returned 100% blocks executed 100%
        1:    3:int main(){
        1:    4:int sum = 0;
        1:    5:int n = 1000;
        -:    6:
     1001:    7:for(int i = 0; i < n; i++){
branch  0 taken 100%
branch  1 taken 1% (fallthrough)
     1000:    8:sum += i;
        -:    9:}
        -:   10:
        -:   11://for (int i = 0; i<n ;i += 2){
        -:   12://sum += i;
        -:   13://if( i + 1 < n ){
        -:   14://sum += i+1;
        -:   15://}}
        1:   16:printf("sum; %d\n",sum);
call    0 returned 100%
        1:   17:return 0;
        -:   18:}
