        -:    0:Source:main.c
        -:    1:#include "header.h"
        -:    2:#include "newnode.h"
        -:    3:#include "insert.h"
        -:    4:#include "order.h"
        -:    5:#include "binary_tree.h"
function main called 1 returned 100% blocks executed 100%
        1:    6:int main()
        -:    7:{
        1:    8:	struct Node *root = NULL;
        1:    9:	root = insert(root,50);
call    0 returned 100%
        1:   10:	insert(root,30);
call    0 returned 100%
        1:   11:	insert(root,20);
call    0 returned 100%
        1:   12:	insert(root,40);
call    0 returned 100%
        1:   13:	insert(root,70);
call    0 returned 100%
        1:   14:	insert(root,60);
call    0 returned 100%
        1:   15:	insert(root,80);
call    0 returned 100%
        1:   16:	printf("in -order traversal:\n ");
call    0 returned 100%
        1:   17:	inOrder(root);
call    0 returned 100%
        1:   18:	printf("\n");
call    0 returned 100%
        1:   19:	int sum = sumNodes(root);
call    0 returned 100%
        1:   20:	printf("sum of root nodes %d\n",sum);
call    0 returned 100%
        -:   21:
        1:   22:	return 0;
        -:   23:	}
        -:   24:
