        -:    0:Source:sum.c
        -:    1:#include "binary_tree.h"
        -:    2:#include "header.h"
        -:    3:#include "sum.h"
        -:    4:
function sumNodes called 15 returned 100% blocks executed 100%
       15:    5:int sumNodes(struct Node *root)
        -:    6:{
       15:    7:	if(root == NULL)
branch  0 taken 53% (fallthrough)
branch  1 taken 47%
        -:    8:	{
        8:    9:		return 0;
        -:   10:	}
        -:   11:	else
        7:   12:		return root->data + sumNodes(root->Left) + sumNodes(root->Right);
call    0 returned 100%
call    1 returned 100%
        -:   13:}
