        -:    0:Source:gcov.c
        -:    0:Graph:gcov.gcno
        -:    0:Data:gcov.gcda
        -:    0:Runs:0
        -:    1:#include<stdio.h>
        -:    2:int add (int x, int y);
        -:    3:int sub (int x ,float y);
function main called 0 returned 0% blocks executed 0%
    #####:    4:int main()
        -:    5:{
    #####:    6:	int (*fp)(int,int) = add;
    #####:    7:	printf("add is %d\n",fp(4,3));
call    0 never executed
call    1 never executed
    #####:    8:	fp = sub;
    #####:    9:	printf("sub is %d\n", fp(4,3));
call    0 never executed
call    1 never executed
    #####:   10:	int (*ptr)(int,int)= add;
    #####:   11:	printf("add is %d\n",ptr(4,3));
call    0 never executed
call    1 never executed
    #####:   12:return 0;
        -:   13:}
function add called 0 returned 0% blocks executed 0%
    #####:   14:int add(int x, int y)
        -:   15:{
    #####:   16:	return x+y;
        -:   17:}
function sub called 0 returned 0% blocks executed 0%
    #####:   18:int sub(int x, float y)
        -:   19:{
    #####:   20:	return x-y;
        -:   21:}
