        -:    0:Source:main.c
        -:    1:#include <stdio.h>
        -:    2:#include "binary_tree.h"
        -:    3:#include<time.h>
        1:    4:int main() {
        -:    5:    // Initialize an empty binary search tree (BST) represented by the root node
        1:    6:    struct Node* root = NULL;
        -:    7:     
        -:    8:    
        1:    9:    clock_t start = clock(); //start the clock
        -:   10:    
        -:   11:    // Insert nodes with various values into the BST
        1:   12:    root = insert(root, 50);
        1:   13:    insert(root, 30);
        1:   14:    insert(root, 20);
        1:   15:    insert(root, 40);
        1:   16:    insert(root, 70);
        1:   17:    insert(root, 60);
        1:   18:    insert(root, 80);
        -:   19:    
        -:   20:
        1:   21:     clock_t end = clock(); //stop the clock
        -:   22:
        1:   23:        double time_taken = ((double)(end - start)); //cal the elapsed time'
        -:   24:
        -:   25:    // Print the elements of the BST in sorted order using in-order traversal
        1:   26:    printf("In-order traversal: ");
        -:   27:
        1:   28:    printf("Time taken: %f seconds \n",time_taken);
        1:   29:    inOrder(root);
        1:   30:    printf("\n");
        -:   31:
        1:   32:    return 0;
        -:   33:}
        -:   34:
