        -:    0:Source:main.c
        -:    1:#include <stdio.h>
        -:    2:#include "file_system.h"
        -:    3:
        -:    4:extern Directory* currentDirectory;
        -:    5:
function main called 1 returned 100% blocks executed 100%
        1:    6:int main() {
        -:    7:    // Initialize the file system
        1:    8:    initializeFileSystem();
call    0 returned 100%
        -:    9:
        -:   10:    // Create some directories and files
        1:   11:    createDirectory("documents");
call    0 returned 100%
        1:   12:    createDirectory("images");
call    0 returned 100%
        1:   13:    createFile("document1.txt", 100);
call    0 returned 100%
        1:   14:    createFile("image1.jpg", 500);
call    0 returned 100%
        -:   15:
        -:   16:    // Print the current directory contents
        1:   17:    printf("Current directory contents:\n");
call    0 returned 100%
        1:   18:    viewDirectoryContents(currentDirectory->name);
call    0 returned 100%
        -:   19:
        -:   20:    // Navigate into 'documents' directory and create a file
        1:   21:    printf("\nNavigating into 'documents' directory...\n");
call    0 returned 100%
        1:   22:    navigateIntoDirectory("documents");
call    0 returned 100%
        1:   23:    createFile("document2.txt", 200);
call    0 returned 100%
        -:   24:
        -:   25:    // Print the current directory contents again
        1:   26:    printf("\nCurrent directory contents:\n");
call    0 returned 100%
        1:   27:    viewDirectoryContents(currentDirectory->name);
call    0 returned 100%
        -:   28:
        -:   29:    // Search for a file
        1:   30:    printf("\nSearching for 'image1.jpg'...\n");
call    0 returned 100%
        1:   31:    searchFile("image1.jpg");
call    0 returned 100%
        -:   32:
        -:   33:    // Delete a file
        1:   34:    printf("\nDeleting 'document1.txt'...\n");
call    0 returned 100%
        1:   35:    deleteFile("document1.txt");
call    0 returned 100%
        -:   36:
        -:   37:    // Print the current directory contents one more time
        1:   38:    printf("\nCurrent directory contents:\n");
call    0 returned 100%
        1:   39:    viewDirectoryContents(currentDirectory->name);
call    0 returned 100%
        -:   40:
        1:   41:    return 0;
        -:   42:}
