        -:    0:Source:main.c
        -:    1:#include"network.h"
        -:    2:
        1:    3:int main() {
        -:    4:    
        1:    5:    clock_t start=clock();
        -:    6:    Graph social_network;
        1:    7:    social_network.num_users = 0;
        -:    8:
        -:    9:    // Create users
        1:   10:    add_user(&social_network, "Alice", "coding, reading");
        1:   11:    add_user(&social_network, "Bob", "sports, cooking");
        1:   12:    add_user(&social_network, "Charlie", "coding, gaming");
        -:   13:
        -:   14:    // Add friendships
        1:   15:    add_friendship(&social_network, "Alice", "Bob");
        1:   16:    add_friendship(&social_network, "Bob", "Charlie");
        -:   17:
        -:   18:    // Search for users
        1:   19:    search_users_by_name(&social_network, "Alice");
        1:   20:    search_users_by_interest(&social_network, "coding");
        -:   21:
        -:   22:    // Recommend friends
        1:   23:    recommend_friends(&social_network, "Alice");
        1:   24:    clock_t end=clock();
        1:   25:    double time_taken=((double)(end-start));
        1:   26:    printf("time taken is %f\n",time_taken);
        -:   27:
        1:   28:    return 0;
        -:   29:}
        -:   30:
        -:   31:   
