        -:    0:Source:main.c
        -:    1:#include "graph.h"
        -:    2:#include <stdio.h>
        -:    3:#include <time.h>
        -:    4:
function main called 1 returned 100% blocks executed 100%
        1:    5:int main() {
        1:    6:  int numVertices = 4;
        -:    7:  clock_t start, end;
        -:    8:  double cpu_time_used;
        -:    9:
        1:   10:  start = clock(); // Start the clock
call    0 returned 100%
        -:   11:
        1:   12:  initializeGraph(numVertices);
call    0 returned 100%
        -:   13:
        1:   14:  addEdge(0, 1); // Directed edge from 0 to 1
call    0 returned 100%
        1:   15:  addEdge(1, 2); // Directed edge from 1 to 2
call    0 returned 100%
        1:   16:  addEdge(2, 3); // Directed edge from 2 to 3
call    0 returned 100%
        -:   17:
        1:   18:  printGraph(numVertices);
call    0 returned 100%
        -:   19:
        1:   20:  end = clock(); // End the clock
call    0 returned 100%
        -:   21:
        1:   22:  cpu_time_used = ((double) (end - start)) / CLOCKS_PER_SEC; // Calculate CPU time used
        1:   23:  printf("CPU time used: %f seconds\n", cpu_time_used);
call    0 returned 100%
        -:   24:
        1:   25:  return 0;
        -:   26:}
