        -:    0:Source:mul.c
        -:    1://function to take two numbers to do multiply
function mul called 1 returned 100% blocks executed 100%
        1:    2:int mul(int num1, int num2){
        1:    3:	return num1  *  num2;//print the result of multiplication
        -:    4:}
        -:    5:
        -:    6://function to take three  numbers to do multiply
function mul3 called 1 returned 100% blocks executed 100%
        1:    7:int mul3(int num1, int num2,int num3){
        1:    8:        return num1 * num2 * num3;//print the result of multiplication
        -:    9:}
        -:   10:
        -:   11://function to take four  numbers to do multiply
function mul4 called 1 returned 100% blocks executed 100%
        1:   12:int mul4(int num1, int num2, int num3, int num4){
        1:   13:        return num1 * num2 * num3 * num4;//print the result of multiplication
        -:   14:}
