        -:    0:Source:sub.c
        -:    1://function to take 2 numbers to subtract
function sub called 1 returned 100% blocks executed 100%
        1:    2:int sub(int num1, int num2){
        1:    3:	return num1 - num2;//display final subtraction result
        -:    4:
        -:    5:}
        -:    6:
        -:    7://function to take 3 numbers to subtract
function sub3 called 1 returned 100% blocks executed 100%
        1:    8:int sub3(int num1, int num2, int num3){
        1:    9:        return num1 - num2 - num3;//display final subtraction result
        -:   10:}
        -:   11:
        -:   12://function to take 4 numbers to subtract
function sub4 called 1 returned 100% blocks executed 100%
        1:   13:int sub4(int num1, int num2, int num3, int num4){
        1:   14:        return num1 - num2 - num3 - num4;//display final subtraction result
        -:   15:}
        -:   16:
