        -:    0:Source:printArray.c
        -:    1:#include "printArray.h"
        -:    2:#include <stdio.h>
        -:    3:
function printArray called 1 returned 100% blocks executed 100%
        1:    4:void printArray(int arr[], int N)
        -:    5:{
        7:    6:    for (int i = 0; i < N; i++)
branch  0 taken 86%
branch  1 taken 14% (fallthrough)
        6:    7:        printf("%d ", arr[i]);
call    0 returned 100%
        1:    8:    printf("\n");
call    0 returned 100%
        1:    9:}
