        -:    0:Source:add.c
        -:    1:/* add.c */ 
        -:    2:
        -:    3:/* Implementation of function related to addition */
        -:    4:
function add called 1 returned 100% blocks executed 100%
        1:    5:int add(int num1, int num2) //addition of 2 numbers
        -:    6:{
        1:    7:return num1 + num2;
        -:    8:}
        -:    9:
function add_three called 1 returned 100% blocks executed 100%
        1:   10:int add_three(int num1, int num2, int num3)  //addition of 3 numbers
        -:   11:{
        1:   12:return num1 + num2 + num3;
        -:   13:}
        -:   14:
function add_four called 1 returned 100% blocks executed 100%
        1:   15:int add_four(int num1, int num2, int num3, int num4)  //addition of 4 numbers
        -:   16:{
        1:   17:return num1 + num2 + num3 + num4;
        -:   18:}
