        -:    0:Source:mergeSort.c
        -:    1:#include "mergeSort.h"
        -:    2:#include "merge.h"
        -:    3:
function mergeSort called 0 returned 0% blocks executed 0%
    #####:    4:void mergeSort(int a[], int beg, int end)  
        -:    5:{  
    #####:    6:    if (beg < end)   
branch  0 never executed
branch  1 never executed
        -:    7:    {  
    #####:    8:        int mid = (beg + end) / 2;  
    #####:    9:        mergeSort(a, beg, mid);  
call    0 never executed
    #####:   10:        mergeSort(a, mid + 1, end);  
call    0 never executed
    #####:   11:        merge(a, beg, mid, end);  
call    0 never executed
        -:   12:    }  
    #####:   13:}
