        -:    0:Source:main.c
        -:    1:#include "graph2.h"
        -:    2:#include <stdio.h>
        -:    3:#include <time.h>
        -:    4:
function main called 1 returned 100% blocks executed 100%
        1:    5:int main() {
        1:    6:    int numVertices = 4;
        -:    7:    struct Graph* graph;
        -:    8:    clock_t start, end;
        -:    9:    double cpu_time_used;
        -:   10:
        -:   11:    // Start the clock
        1:   12:    start = clock();
call    0 returned 100%
        -:   13:
        -:   14:    // Create the graph and add edges
        1:   15:    graph = createGraph(numVertices);
call    0 returned 100%
        1:   16:    addEdge(graph, 0, 1);
call    0 returned 100%
        1:   17:    addEdge(graph, 1, 2);
call    0 returned 100%
        1:   18:    addEdge(graph, 2, 3);
call    0 returned 100%
        -:   19:
        -:   20:    // Print the graph
        1:   21:    printGraph(graph);
call    0 returned 100%
        -:   22:
        -:   23:    // End the clock
        1:   24:    end = clock();
call    0 returned 100%
        -:   25:
        -:   26:    // Calculate CPU time used
        1:   27:    cpu_time_used = ((double) (end - start)) / CLOCKS_PER_SEC;
        -:   28:
        -:   29:    // Print the CPU time used
        1:   30:    printf("CPU time used: %f seconds\n", cpu_time_used);
call    0 returned 100%
        -:   31:
        1:   32:    return 0;
        -:   33:}
