        -:    0:Source:linersearch.c
        -:    1:#include "linear_search.h" // Include the header file containing the function prototype
        -:    2:
        -:    3:// Function to perform linear search
function linear_search called 1 returned 100% blocks executed 86%
        1:    4:int linear_search(int arr[], int n, int key) {
        2:    5:    for (int i = 0; i < n; i++) { // Loop through the array
branch  0 taken 100%
branch  1 taken 0% (fallthrough)
        2:    6:        if (arr[i] == key) { // Check if current element is equal to key
branch  0 taken 50% (fallthrough)
branch  1 taken 50%
        1:    7:            return i; // Return the index if key is found
        -:    8:        }
        -:    9:    }
    #####:   10:    return -1; // Return -1 if key is not found
        -:   11:}
