        -:    0:Source:main.c
        -:    1:#include <stdio.h>    // include the standred input/outout functions
        -:    2:#include "linear_search.h" // Include the header file containing function prototype
        -:    3:
function main called 1 returned 100% blocks executed 83%
        1:    4:int main() {
        1:    5:    int arr[] = {10, 12, 23, 54, 35}; // Sample array
        1:    6:    int n = sizeof(arr) / sizeof(arr[0]); // Calculate the number of elements in the array
        1:    7:    int key = 12; // Key to search the element
        1:    8:    int result = linear_search(arr, n, key); // Call the linear search function
call    0 returned 100%
        1:    9:    if (result != -1) {
branch  0 taken 100% (fallthrough)
branch  1 taken 0%
        1:   10:        printf("Element found at index: %d\n", result); // Print the index if found
call    0 returned 100%
        -:   11:    } else {
    #####:   12:        printf("Element not found\n"); // Print if element not found
call    0 never executed
        -:   13:    }
        1:   14:    return 0;    //executing the main function succesfully
        -:   15:}
