        -:    0:Source:main.c
        -:    1:#include <stdio.h>  // including the header files
        -:    2:#include "queue.h"
        -:    3:
function main called 1 returned 100% blocks executed 100%
        1:    4:int main() {
        1:    5:    Queue* queue = createQueue(5);  // creating a structure
call    0 returned 100%
        -:    6:   // performing some queue operations
        1:    7:    enqueue(queue, 1);
call    0 returned 100%
        1:    8:    enqueue(queue, 2);
call    0 returned 100%
        1:    9:    enqueue(queue, 3);
call    0 returned 100%
        1:   10:    enqueue(queue, 4);
call    0 returned 100%
        1:   11:    enqueue(queue, 5);
call    0 returned 100%
        1:   12:    displayQueue(queue);
call    0 returned 100%
        -:   13:
        1:   14:    printf("Front element: %d\n", front(queue));
call    0 returned 100%
call    1 returned 100%
        1:   15:    printf("Rear element: %d\n", rear(queue));
call    0 returned 100%
call    1 returned 100%
        -:   16:
        1:   17:    dequeue(queue);
call    0 returned 100%
        1:   18:    displayQueue(queue);  // display the queue
call    0 returned 100%
        -:   19:
        1:   20:    destroyQueue(queue);  // dealocating the memory
call    0 returned 100%
        -:   21:
        1:   22:    return 0;    // executing the programe with zero errors
        -:   23:}
