        -:    0:Source:main.c
        -:    1:#include <stdio.h>
        -:    2:#include "queue.h"
        -:    3:
        1:    4:int main() {
        1:    5:    struct Queue* queue = createQueue(); // Create an empty queue
        -:    6:
        -:    7:    // Enqueue elements onto the queue
        1:    8:    enqueue(queue, 10);
        1:    9:    enqueue(queue, 20);
        1:   10:    enqueue(queue, 30);
        -:   11:
        -:   12:    // Dequeue elements from the queue and print them
        1:   13:    printf("%d dequeued from queue.\n", dequeue(queue));
        1:   14:    printf("%d dequeued from queue.\n", dequeue(queue));
        1:   15:    printf("%d dequeued from queue.\n", dequeue(queue));
        -:   16:
        -:   17:    // Attempting to dequeue from an empty queue
       1*:   18:    printf("%d dequeued from queue.\n", dequeue(queue)); // Queue underflow
        -:   19:
    #####:   20:    return 0;
        -:   21:}
