        -:    0:Source:networkmain.c
        -:    1:#include <stdio.h>
        -:    2:#include <stdlib.h>
        -:    3:#include "network.h"
        -:    4:#include <time.h>
        -:    5:
function main called 1 returned 100% blocks executed 100%
        1:    6:int main() {
        1:    7:	clock_t start = clock();
call    0 returned 100%
        -:    8:    Graph social_network;
        1:    9:    social_network.num_users = 0;
        -:   10:
        -:   11:    // Create users
        1:   12:    add_user(&social_network, "Alice", "coding, reading");
call    0 returned 100%
        1:   13:    add_user(&social_network, "Bob", "sports, cooking");
call    0 returned 100%
        1:   14:    add_user(&social_network, "Charlie", "coding, gaming");
call    0 returned 100%
        -:   15:
        -:   16:    // Add friendships
        1:   17:    add_friendship(&social_network, "Alice", "Bob");
call    0 returned 100%
        1:   18:    add_friendship(&social_network, "Bob", "Charlie");
call    0 returned 100%
        -:   19:
        -:   20:    // Search for users
        1:   21:    search_users_by_name(&social_network, "Alice");
call    0 returned 100%
        1:   22:    search_users_by_interest(&social_network, "coding");
call    0 returned 100%
        -:   23:
        -:   24:    // Recommend friends
        1:   25:    recommend_friends(&social_network, "Alice");
call    0 returned 100%
        -:   26:
        -:   27:    //time taken
        1:   28:    clock_t end = clock();
call    0 returned 100%
        1:   29:    double time_spent = ((double)(end - start));
        1:   30:    printf("Time taken: %f seconds \n", time_spent);
call    0 returned 100%
        -:   31:
        -:   32:
        1:   33:    return 0;
        -:   34:}
