        -:    0:Source:binarysearch.c
        -:    1:#include "binarysearch.h"    // including the hearder file
        -:    2:
        -:    3:// Binary search function 
    #####:    4:int binary_search(int arr[], int size, int target) {
    #####:    5:    int left = 0; // Initialize the left as 0
    #####:    6:    int right = size - 1; // Initialize the right value as size -1
        -:    7:
    #####:    8:    while (left <= right) { // run while until left <= right
    #####:    9:        int mid = left + (right - left) / 2; // Calculate the middle 
        -:   10:
    #####:   11:        if (arr[mid] == target) // check the mid is target
    #####:   12:            return mid; // return the mid value 
    #####:   13:        else if (arr[mid] < target) // If the target is in the right half
    #####:   14:            left = mid + 1; // Adjust the left 
        -:   15:        else // If the target is in the left half
    #####:   16:            right = mid - 1; // Adjust the right boundary
        -:   17:    }
        -:   18:
        -:   19:    // If target is not found
    #####:   20:    return -1; // Return -1 if the element is not found
        -:   21:}
