        -:    0:Source:bubblesort.c
        -:    1:#include "bubblesort.h"
        -:    2:
function bubbleSort called 1 returned 100% blocks executed 100%
        1:    3:void bubbleSort(int arr[], int n) {
        7:    4:    for (int i = 0; i < n-1; i++) {
branch  0 taken 86%
branch  1 taken 14% (fallthrough)
       27:    5:        for (int j = 0; j < n-i-1; j++) {
branch  0 taken 78%
branch  1 taken 22% (fallthrough)
       21:    6:            if (arr[j] > arr[j+1]) {
branch  0 taken 67% (fallthrough)
branch  1 taken 33%
        -:    7:                // Swap arr[j] and arr[j+1]
       14:    8:                int temp = arr[j];
       14:    9:                arr[j] = arr[j+1];
       14:   10:                arr[j+1] = temp;
        -:   11:            }
        -:   12:        }
        -:   13:    }
        1:   14:}
