        -:    0:Source:bubblesortmain.c
        -:    1:#include <stdio.h>
        -:    2:#include "bubblesort.h"
        -:    3:
function main called 1 returned 100% blocks executed 100%
        1:    4:int main() {
        1:    5:    int arr[] = {64, 34, 25, 12, 22, 11, 90};
        1:    6:    int n = sizeof(arr)/sizeof(arr[0]);
        1:    7:    printf("Array before sorting: ");
call    0 returned 100%
        8:    8:    for (int i = 0; i < n; i++) {
branch  0 taken 88%
branch  1 taken 12% (fallthrough)
        7:    9:        printf("%d ", arr[i]);
call    0 returned 100%
        -:   10:    }
        1:   11:    printf("\n");
call    0 returned 100%
        1:   12:    bubbleSort(arr, n);
call    0 returned 100%
        1:   13:    printf("Array after sorting: ");
call    0 returned 100%
        8:   14:    for (int i = 0; i < n; i++) {
branch  0 taken 88%
branch  1 taken 12% (fallthrough)
        7:   15:        printf("%d ", arr[i]);
call    0 returned 100%
        -:   16:    }
        1:   17:    printf("\n");
call    0 returned 100%
        1:   18:    return 0;
        -:   19:}
