        -:    0:Source:main.c
        -:    1:#include <stdio.h>
        -:    2:#include "jump_search.h"
        -:    3:
function main called 1 returned 100% blocks executed 83%
        1:    4:int main() {
        1:    5:    int array[] = {10, 20, 30, 40, 50, 60, 70, 80, 90}; // Example sorted array
        1:    6:    int size = sizeof(array) / sizeof(array[0]); // Calculate the size of the array
        1:    7:    int target = 70; // Example target value to search
        -:    8:
        -:    9:    // Perform jump search
        1:   10:    int result = jumpSearch(array, size, target);
call    0 returned 100%
        -:   11:
        -:   12:    // Display the result
        1:   13:    if (result != -1) {
branch  0 taken 100% (fallthrough)
branch  1 taken 0%
        1:   14:        printf("Element %d found at index %d.\n", target, result);
call    0 returned 100%
        -:   15:    } else {
    #####:   16:        printf("Element %d not found in the array.\n", target);
call    0 never executed
        -:   17:    }
        -:   18:
        1:   19:    return 0;
        -:   20:}
