        -:    0:Source:main.c
        -:    1:#include <stdio.h>         // Include standard I/O library for printf function
        -:    2:#include "main.h"    // Include the header file for merge sort function declarations
        -:    3:
function main called 0 returned 0% blocks executed 0%
    #####:    4:int main() {                               // Start of the main function
    #####:    5:    int arr[] = {12, 11, 13, 5, 6, 7};     // Initialize an unsorted array
    #####:    6:    size_t n = sizeof(arr) / sizeof(arr[0]); // Calculate the size of the array
        -:    7:
        -:    8:    // Perform merge sort
    #####:    9:    merge_sort(arr, n);                    // Call the merge sort function to sort the array
call    0 never executed
        -:   10:
        -:   11:    // Print sorted array
    #####:   12:    printf("Sorted array: ");              // Print a message indicating the sorted array is being printed
call    0 never executed
    #####:   13:    for (size_t i = 0; i < n; i++)         // Iterate through each element of the array
branch  0 never executed
branch  1 never executed
    #####:   14:        printf("%d ", arr[i]);             // Print each element of the sorted array
call    0 never executed
    #####:   15:    printf("\n");                          // Move to the next line after printing the sorted array
call    0 never executed
        -:   16:
    #####:   17:    return 0;                              // Return 0 to indicate successful execution
        -:   18:}                                         // End of the main function
