        -:    0:Source:main_file.c
        -:    1:#include"file.h"
        -:    2:
        1:    3:int main() {
        -:    4:   
        -:    5:   
        1:    6:clock_t start=clock();
        -:    7:   
        -:    8:// Create root directory
        1:    9:DirectoryNode* root = createDirectory("root", NULL);
        -:   10:
        -:   11:// Create some files in root directory
        1:   12:createFile(root, "file1.txt");
        1:   13:createFile(root, "file2.txt");
        1:   14:createFile(root, "file3.txt");
        -:   15:
        -:   16:// List contents of root directory
        1:   17:listDirectoryContents(root);
        -:   18:
        -:   19:// Create a subdirectory
        1:   20:DirectoryNode* subDir = createDirectory("subdir", root);
        1:   21:root->child = subDir;
        -:   22:
        -:   23:// Navigate into subdirectory
        1:   24:printf("\nNavigating into subdir...\n");
        1:   25:listDirectoryContents(subDir);
        -:   26:
        -:   27:// Search for a file in subdir
        1:   28:printf("\nSearching for file 'file2.txt' in subdir...\n");
        1:   29:searchFile(subDir, "file2.txt");
        -:   30:
        -:   31:// Delete a file from subdir
        1:   32:printf("\nDeleting file 'file2.txt' from subdir...\n");
        1:   33:deleteFile(subDir, "file2.txt");
        1:   34:listDirectoryContents(subDir);
        -:   35:
        -:   36:// Delete subdir and root directories
        1:   37:deleteDirectory(root);
        -:   38:   
        1:   39:clock_t end=clock();
        1:   40:double time_taken=((double)(end-start));
        1:   41:printf("time taken is %f\n",time_taken);
        -:   42:
        -:   43:
        1:   44:return 0;
        -:   45:}
