        -:    0:Source:stack.c
        -:    1:#include "stack.h" // Include header file for stack structure definition (assumed)
        -:    2:#include <stdlib.h> // Include standard library for memory allocation (malloc, free)
        -:    3:#include <stdio.h> // Include standard input/output header (printf)
        -:    4:
        -:    5:// Function to push data onto stack
        1:    6:void push(Stack* stack, char data) {
        -:    7:    // Create a new node for the data
        1:    8:    Node* newNode = (Node*)malloc(sizeof(Node));
        1:    9:    if (newNode == NULL) {
    #####:   10:        printf("Error: Memory allocation failed\n");
    #####:   11:        exit(EXIT_FAILURE);
        -:   12:    }
        -:   13:
        -:   14:    // Set data and next pointer of the new node
        1:   15:    newNode->data = data;
        1:   16:    newNode->next = stack->top;
        -:   17:
        -:   18:    // Update the top pointer of the stack to point to the new node
        1:   19:    stack->top = newNode;
        1:   20:}
        -:   21:
        -:   22:// Function to pop data from stack
        1:   23:char pop(Stack* stack) {
        -:   24:    // Check if stack is empty
        1:   25:    if (is_empty(stack)) {
    #####:   26:        printf("Error: Stack is empty\n");
    #####:   27:        exit(EXIT_FAILURE);
        -:   28:    }
        -:   29:
        -:   30:    // Store the top node and its data
        1:   31:    Node* temp = stack->top;
        1:   32:    char data = temp->data;
        -:   33:
        -:   34:    // Update the top pointer to point to the next node
        1:   35:    stack->top = temp->next;
        -:   36:
        -:   37:    // Free the memory used by the popped node
        1:   38:    free(temp);
        -:   39:
        -:   40:    // Return the popped data
        1:   41:    return data;
        -:   42:}
        -:   43:
        -:   44:// Function to peek at the top of the stack
    #####:   45:char peek(Stack* stack) {
        -:   46:    // Check if stack is empty
    #####:   47:    if (is_empty(stack)) {
    #####:   48:        printf("Error: Stack is empty\n");
    #####:   49:        exit(EXIT_FAILURE);
        -:   50:    }
        -:   51:
        -:   52:    // Return the data of the top node without removing it
    #####:   53:    return stack->top->data;
        -:   54:}
        -:   55:
        -:   56:// Function to check if stack is empty
        2:   57:int is_empty(Stack* stack) {
        -:   58:    // Return true if the top pointer is NULL (empty stack)
        2:   59:    return stack->top == NULL;
        -:   60:}
        -:   61:
        -:   62:
        -:   63:
        -:   64:
