        -:    0:Source:navigate.c
        -:    1:#include "header.h"
function navigateToSubdirectory called 1 returned 100% blocks executed 62%
        1:    2:struct Directory* navigateToSubdirectory(struct Directory* currentDir, const char* subDirName) { // Define a function to navigate to a subdirectory.
        1:    3:    struct Directory* subDirPtr = currentDir->subdirectories; // Initialize a pointer to iterate through subdirectories.
        1:    4:    while (subDirPtr) { // Iterate through subdirectories to find the specified subdirectory.
branch  0 taken 100%
branch  1 taken 0% (fallthrough)
        1:    5:        if (strcmp(subDirPtr->name, subDirName) == 0) { // Check if the subdirectory name matches the specified name.
branch  0 taken 100% (fallthrough)
branch  1 taken 0%
        1:    6:            return subDirPtr; // If found, return a pointer to the subdirectory.
        -:    7:        }
    #####:    8:        subDirPtr = subDirPtr->subdirectories; // Move to the next subdirectory.
        -:    9:    }
    #####:   10:    printf("Subdirectory '%s' not found.\n", subDirName); // Print a message if the subdirectory is not found.
call    0 never executed
    #####:   11:    return NULL; // Return NULL pointer if subdirectory is not found.
        -:   12:}
