        -:    0:Source:search.c
        -:    1:#include "header.h"
function searchFilesByName called 1 returned 100% blocks executed 75%
        1:    2:void searchFilesByName(const struct Directory* dir, const char* fileName) { // Define a function to search for files by name.
        1:    3:    struct File* filePtr = dir->files; // Initialize a pointer to iterate through files.
        1:    4:    while (filePtr) { // Iterate through files to find the specified file name.
branch  0 taken 100%
branch  1 taken 0% (fallthrough)
        1:    5:        if (strcmp(filePtr->name, fileName) == 0) { // Check if the file name matches the specified name.
branch  0 taken 100% (fallthrough)
branch  1 taken 0%
        1:    6:            printf("Found file: %s\n", fileName); // Print a message if the file is found.
call    0 returned 100%
        1:    7:            return;
        -:    8:        }
    #####:    9:        filePtr = filePtr->next; // Move to the next file.
        -:   10:    }
    #####:   11:    printf("File '%s' not found.\n", fileName); // Print a message if the file is not found.
call    0 never executed
        -:   12:}
