        -:    0:Source:opt1-1.c
        -:    0:Graph:opt_2-opt1-1.gcno
        -:    0:Data:opt_2-opt1-1.gcda
        -:    0:Runs:1
        -:    1:#include<stdio.h>
        -:    2:
function main called 1 returned 100% blocks executed 100%
        1:    3:int main(){
        1:    4:int sum = 0;
        1:    5:int n = 1000;
        -:    6:
        -:    7:///sfor(int i = 0; i < n; i++){
        -:    8://sum += i;
        -:    9://}
        -:   10:
      501:   11:for (int i = 0; i<n ;i += 2){
branch  0 taken 100%
branch  1 taken 1% (fallthrough)
      500:   12:sum += i;
      500:   13:if( i + 1 < n ){
branch  0 taken 100% (fallthrough)
branch  1 taken 0%
      500:   14:sum += i+1;
        -:   15:}}
        1:   16:printf("sum; %d\n",sum);
call    0 returned 100%
        1:   17:return 0;
        -:   18:}
