        -:    0:Source:main.c
        -:    1:#include "expression.h"  // Include header for expression evaluation functions (assumed)
        -:    2:#include <stdio.h>// Include standard input/output header
        -:    3:#include <time.h>// Include time header for clock function
        -:    4:
        -:    5:#define MAX_EXPR_SIZE 100// Define maximum expression size (constant)
        -:    6:
    #####:    7:int main() {
        -:    8:    char infix[MAX_EXPR_SIZE];// Declare character array to store infix expression
        -:    9:    char postfix[MAX_EXPR_SIZE];// Declare character array to store postfix expression
        -:   10:    double start_time, end_time;// Declare variables to store start and end times
        -:   11:
        -:   12:    // Get start time before expression evaluation
    #####:   13:    start_time = clock();// Get starting CPU time in clock ticks
        -:   14:
    #####:   15:    printf("Enter an infix expression: ");
    #####:   16:    fgets(infix, MAX_EXPR_SIZE, stdin);  // Read infix expression from user input
        -:   17:
    #####:   18:    infix_to_postfix(infix, postfix);  // Convert infix to postfix expression (assuming function exists)
    #####:   19:    printf("Postfix expression: %s\n", postfix);  // Print converted postfix expression
        -:   20:
    #####:   21:    int result = evaluate_postfix(postfix);  // Evaluate postfix expression (assuming function exists)
    #####:   22:    printf("Result: %d\n", result);          // Print evaluation result
        -:   23:
        -:   24:    // Get end time after expression evaluation
    #####:   25:    end_time = clock();                // Get ending CPU time in clock ticks
        -:   26:				       // Calculate elapsed time in seconds
    #####:   27:    double elapsed_time = (end_time - start_time) / CLOCKS_PER_SEC;
        -:   28:
    #####:   29:    printf("Elapsed time: %.6f seconds\n", elapsed_time);  // Print elapsed time with 6 decimal places
        -:   30:
    #####:   31:    return 0;
        -:   32:}
