        -:    0:Source:main.c
        -:    1:#include<stdio.h>
        -:    2:#include "BST.h"
        -:    3:
        -:    4:
        1:    5:int main() {
        -:    6:
        1:    7:	struct node* root = NULL; //here root is set to null indicating an empty tree
        -:    8:
        1:    9:	root = insert(root,8);  //insertig 8 as root node
        -:   10:
        1:   11:        insert(root,4);
        1:   12:	insert(root,5);
        1:   13:	insert(root,6);
        1:   14:	insert(root,11);
        1:   15:	insert(root,12);
        1:   16:	insert(root,13);
        -:   17:
        -:   18:	//search data
        -:   19:	
        1:   20:	if(search (root,12)){
        1:   21:		printf("The data is found: 40 \n");
        -:   22:	}else{
    #####:   23:		printf("The data is not found: SEARCH AGAIN \n");
        -:   24:	} 
        -:   25:
        -:   26:
        1:   27:	printf("The In order data is: ");
        1:   28:	inorderTraversal(root); //sets the data into ascending order
        1:   29:	printf("\n");
        -:   30:}
        -:   31:
        -:   32://root is a ptr to the root node
