        -:    0:Source:linear_search.c
        -:    1:#include "linear_search.h"
        -:    2:
function linearSearch called 1 returned 100% blocks executed 86%
        1:    3:int linearSearch(int array[], int size, int key) {
        -:    4:    // Iterate through the array
        4:    5:    for (int i = 0; i < size; i++) {
branch  0 taken 100%
branch  1 taken 0% (fallthrough)
        -:    6:        // If the current element is equal to the key, return its index
        4:    7:        if (array[i] == key) {
branch  0 taken 25% (fallthrough)
branch  1 taken 75%
        1:    8:            return i;
        -:    9:        }
        -:   10:    }
        -:   11:    // If the key is not found, return -1
    #####:   12:    return -1;
        -:   13:}
        -:   14:
