        -:    0:Source:bstmain.c
        -:    0:Graph:bstr-bstmain.gcno
        -:    0:Data:-
        -:    0:Runs:0
        -:    1:#include <stdio.h>
        -:    2:#include "bst.h"
        -:    3:
function main called 0 returned 0% blocks executed 0%
    #####:    4:int main() {
    #####:    5:    struct node* root = NULL;
        -:    6:
        -:    7:    // Insert some elements into the BST
    #####:    8:    root = insert(root, 100);
call    0 never executed
    #####:    9:    root = insert(root, 67);
call    0 never executed
    #####:   10:    root = insert(root, 45);
call    0 never executed
    #####:   11:    root = insert(root, 145);
call    0 never executed
    #####:   12:    root = insert(root, 137);
call    0 never executed
    #####:   13:    root = insert(root, 89);
call    0 never executed
    #####:   14:    root = insert(root, 119);
call    0 never executed
        -:   15:
        -:   16:    // Print the inorder traversal of the BST
    #####:   17:    printf("Inorder traversal of BST: ");
call    0 never executed
    #####:   18:    inorderTraversal(root);
call    0 never executed
    #####:   19:    printf("\n");
call    0 never executed
        -:   20:
        -:   21:    // Search for elements in the BST
    #####:   22:    int searchKey = 119;
    #####:   23:    if (search(root, searchKey)) {
call    0 never executed
branch  1 never executed
branch  2 never executed
    #####:   24:        printf("%d found in the BST.\n", searchKey);
call    0 never executed
        -:   25:    } else {
    #####:   26:        printf("%d not found in the BST.\n", searchKey);
call    0 never executed
        -:   27:    }
        -:   28:
    #####:   29:    searchKey = 188;
    #####:   30:    if (search(root, searchKey)) {
call    0 never executed
branch  1 never executed
branch  2 never executed
    #####:   31:        printf("%d found in the BST.\n", searchKey);
call    0 never executed
        -:   32:    } else {
    #####:   33:        printf("%d not found in the BST.\n", searchKey);
call    0 never executed
        -:   34:    }
        -:   35:
    #####:   36:    return 0;
        -:   37:}
