        -:    0:Source:linearsearch.c
        -:    0:Graph:lin-linearsearch.gcno
        -:    0:Data:-
        -:    0:Runs:0
        -:    1:#include "linearsearch.h" // Include the header file containing the function prototype
        -:    2:
        -:    3:// Function to perform linear search
function linear_search called 0 returned 0% blocks executed 0%
    #####:    4:int linear_search(int arr[], int n, int key) {
    #####:    5:    for (int i = 0; i < n; i++) { // Loop through the array
branch  0 never executed
branch  1 never executed
    #####:    6:        if (arr[i] == key) { // Check if current element is equal to key
branch  0 never executed
branch  1 never executed
    #####:    7:            return i; // Return the index if key is found
        -:    8:        }
        -:    9:    }
    #####:   10:    return -1; // Return -1 if key is not found
        -:   11:}
