        -:    0:Source:bubblesortapidec.c
        -:    1:#include<stdio.h>
function bubblesortdec called 1 returned 100% blocks executed 100%
        1:    2:void bubblesortdec(int a[],int length)
        -:    3:{       
        1:    4:        printf("\nDESCENDING ORDER: ");
call    0 returned 100%
       11:    5:        for(int i=0;i<length;i++)
branch  0 taken 91%
branch  1 taken 9% (fallthrough)
        -:    6:        {       
       55:    7:                for(int j=0;j<length-1-i;j++)
branch  0 taken 82%
branch  1 taken 18% (fallthrough)
        -:    8:                {       
       45:    9:                        if(a[j]<a[j+1])
branch  0 taken 100% (fallthrough)
branch  1 taken 0%
        -:   10:                        {       
       45:   11:                                int temp=a[j];
       45:   12:                                a[j]=a[j+1];
       45:   13:                                a[j+1]=temp;
        -:   14:                        }       
        -:   15:                }       
        -:   16:        }
        1:   17:}     
