        -:    0:Source:evaluatormain.c
        -:    1:#include <stdio.h>
        -:    2:#include <stdlib.h>
        -:    3:#include "evaluator.h"
        -:    4:#include<string.h>
        -:    5:#include<time.h>
function main called 1 returned 100% blocks executed 100%
        1:    6:int main() { 
        1:    7:    clock_t start = clock();
call    0 returned 100%
        -:    8:    char infix[100];
        1:    9:    printf("Enter infix expression: ");
call    0 returned 100%
        1:   10:    fgets(infix, 100, stdin);
call    0 returned 100%
        -:   11:
        1:   12:    if (infix[strlen(infix) - 1] == '\n')
branch  0 taken 100% (fallthrough)
branch  1 taken 0%
        1:   13:        infix[strlen(infix) - 1] = '\0';
        -:   14:
        1:   15:    char* postfix = infixToPostfix(infix);
call    0 returned 100%
        1:   16:    printf("Postfix expression: %s\n", postfix);
call    0 returned 100%
        -:   17:
        1:   18:    int result = evaluatePostfix(postfix);
call    0 returned 100%
        1:   19:    printf("Result: %d\n", result);
call    0 returned 100%
        1:   20:    clock_t stop = clock();
call    0 returned 100%
        1:   21:    double time_taken = ((double)(stop - start));
        1:   22:    printf("Time taken: %f\n", time_taken);
call    0 returned 100%
        1:   23:    free(postfix);
        1:   24:    return 0;
        -:   25:}
