        -:    0:Source:main.c
        -:    0:Graph:main-main.gcno
        -:    0:Data:main-main.gcda
        -:    0:Runs:1
        -:    1:#include"list.h"
        -:    2:
        1:    3:int main() {
        1:    4:    Node *head = NULL;
        -:    5:
        -:    6:    // Inserting elements into the list
        1:    7:    insert(&head, 1);
        1:    8:    insert(&head, 2);
        1:    9:    insert(&head, 3);
        -:   10:
        -:   11:    // Printing the list
        1:   12:    printf("List: ");
        1:   13:    printList(head);
        -:   14:
        -:   15:    // Freeing the memory
        1:   16:    freeList(head);
        -:   17:
        1:   18:    return 0;
        -:   19:}
        -:   20:
