        -:    0:Source:main.c
        -:    1:#include <stdio.h>
        -:    2:#include "merge.h"
        -:    3:#include "printArray.h"
        -:    4:
        1:    5:int main()  
        -:    6:{  
        1:    7:    int a[] = { 12, 31, 25, 8, 32, 17, 40, 42 };  
        1:    8:    int n = sizeof(a) / sizeof(a[0]);  
        1:    9:    printf("Before sorting array elements are - \n");  
        1:   10:    printArray(a, n);  
        1:   11:    mergeSort(a, 0, n - 1);  
        1:   12:    printf("After sorting array elements are - \n");  
        1:   13:    printArray(a, n);  
        1:   14:    return 0;  
        -:   15:}
