        -:    0:Source:factorialmain.c
        -:    1:#include <stdio.h>//include standard input ouput library like printf scanf
        -:    2:#include "factorial.h"//it  include header file and allow to use declaration and function defined in header file
function main called 1 returned 100% blocks executed 82%
        1:    3:int main(){//define main function which is entry point of this code and int is an integer and brackets tell that it has not parametres
        -:    4:	int num;//it declares the integer variable called num used to strore input number provided by user
        1:    5:	printf("Enter a non negative integer: ");// this line display message to user to input a non negative integer
call    0 returned 100%
        1:    6:	if(scanf("%d", &num) != 1 || num < 0){//this line reads interger input value by user usingscanf function and store input value in variable num and if it returns other than 1 or num is negative then it shows invalid input.
call    0 returned 100%
branch  1 taken 100% (fallthrough)
branch  2 taken 0%
branch  3 taken 0% (fallthrough)
branch  4 taken 100%
    #####:    7:		printf("Invalid input. Please enter a non-negative integer.\n");// this lineis executed if input number provided by user is invalid
call    0 never executed
    #####:    8:		return 1;//indiacte some error in code
        -:    9:	}
        1:   10:	printf("Factorial of %d is  %d\n", num, factorial(num));//it calculates the factorial of input number by user using factorial function decalred in header file.and teh prints the input number and factorial of input number
call    0 returned 100%
call    1 returned 100%
        1:   11:	return 0;//indicates successful compilation 
        -:   12:}
        -:   13:
        -:   14://secure code - it check the input number is non negative
