        -:    0:Source:linearsearch.c
        -:    1:#include "linearsearch.h"//This line includes the header file linear_search.h, which contains the declaration of the linearSearch function. This inclusion allows the implementation of the function in this file to know the function's signature and types of parameters.
        -:    2:
function linearSearch called 1 returned 100% blocks executed 86%
        1:    3:int linearSearch(int arr[], int n, int target) {//This line defines the linearSearch function. It specifies that the function takes three parameters: an integer array arr[], its size n, and the target integer value to search for target. The function returns an integer value representing the index of the target element if found, or -1 if the target element is not found in the array.
        -:    4:
        3:    5:    	for (int i = 0; i < n; i++) {//This line starts a for loop that iterates over each element of the array arr[] from index 0 to n-1. It initializes the loop counter i to 0 and increments it by 1 in each iteration until it reaches n
branch  0 taken 100%
branch  1 taken 0% (fallthrough)
        -:    6:    
        3:    7:	    	if (arr[i] == target) {//This line checks if the current element of the array (arr[i]) is equal to the target value (target). If they are equal, it means the target element is found in the array.
branch  0 taken 33% (fallthrough)
branch  1 taken 67%
        -:    8:            
        1:    9:			return i; //This line returns the index i, indicating the position of the target element in the array.
        -:   10:        }
        -:   11:    }
    #####:   12:    return -1; //These lines close the if block and the linearSearch function definition, respectively. If the loop completes without finding the target element, it means the target is not present in the array, so -1 is returned to indicate that the target element is not found.
        -:   13:}
        -:   14:
