        -:    0:Source:bubblesort.c
        -:    1:#include "bubblesort.h"
        -:    2:
        1:    3:void bubbleSort(int arr[], int n) {
        7:    4:    for (int i = 0; i < n-1; i++) {
       27:    5:        for (int j = 0; j < n-i-1; j++) {
       21:    6:            if (arr[j] > arr[j+1]) {
        -:    7:                // Swap arr[j] and arr[j+1]
       14:    8:                int temp = arr[j];
       14:    9:                arr[j] = arr[j+1];
       14:   10:                arr[j+1] = temp;
        -:   11:            }
        -:   12:        }
        -:   13:    }
        1:   14:}
