        -:    0:Source:mainbs.c
        -:    1:#include <stdio.h>
        -:    2:#include "bubblesort.h"
        -:    3:
        1:    4:int main() {
        1:    5:    int arr[] = {64, 34, 25, 12, 22, 11, 90};
        1:    6:    int n = sizeof(arr)/sizeof(arr[0]);
        1:    7:    printf("Array before sorting: ");
        8:    8:    for (int i = 0; i < n; i++) {
        7:    9:        printf("%d ", arr[i]);
        -:   10:    }
        1:   11:    printf("\n");
        1:   12:    bubbleSort(arr, n);
        1:   13:    printf("Array after sorting: ");
        8:   14:    for (int i = 0; i < n; i++) {
        7:   15:        printf("%d ", arr[i]);
        -:   16:    }
        1:   17:    printf("\n");
        1:   18:    return 0;
        -:   19:}
