        -:    0:Source:mainqe.c
        -:    1:
        -:    2:#include <stdio.h>
        -:    3:#include "queue.h"
        -:    4:
        1:    5:int main() {
        -:    6:    Queue queue;
        1:    7:    initialize(&queue); // Initialize the queue
        -:    8:
        -:    9:    // Enqueuing elements into the queue
        1:   10:    enqueue(&queue, 10);
        1:   11:    enqueue(&queue, 20);
        -:   12:
        -:   13:    // Dequeuing an element from the queue
        1:   14:    int dequeuedValue = dequeue(&queue);
        1:   15:    printf("Dequeued value: %d\n", dequeuedValue);
        -:   16:
        1:   17:    return 0;
        -:   18:}
