        -:    0:Source:postorder.c
        -:    1:#include "node.h"
        -:    2:// Function to perform post-order traversal (left, right, root)
function postOrderTraversal called 15 returned 100% blocks executed 100%
       15:    3:void postOrderTraversal(struct Node* root) {
       15:    4:    if (root != NULL) {
branch  0 taken 47% (fallthrough)
branch  1 taken 53%
        7:    5:        postOrderTraversal(root->left);// Traverse left subtree
call    0 returned 100%
        7:    6:        postOrderTraversal(root->right);// Traverse right subtree
call    0 returned 100%
        7:    7:        printf("%d ", root->data);// Print root data
call    0 returned 100%
        -:    8:    }
       15:    9:}
