        -:    0:Source:linearsearch.c
        -:    1:#include <stdio.h>
        -:    2:#include <stdlib.h>
        -:    3:#include "linearsearch.h"
function linearSearch called 1 returned 100% blocks executed 86%
        1:    4:int linearSearch(int arr[], int n, int key) {
        5:    5:    for (int i = 0; i < n; i++) {
branch  0 taken 100%
branch  1 taken 0% (fallthrough)
        5:    6:        if (arr[i] == key)
branch  0 taken 20% (fallthrough)
branch  1 taken 80%
        1:    7:            return i; // Return the index if key is found
        -:    8:    }
    #####:    9:    return -1; // Return -1 if key is not found
        -:   10:}
        -:   11:
