        -:    0:Source:linearfn.c
        -:    1:#include<stdio.h>
        -:    2:#include"linear.h"
        -:    3:
        -:    4:// Linear search function (iterative approach)
function linearSearch called 1 returned 100% blocks executed 86%
        1:    5:int linearSearch(int arr[], int size, int key) {
        2:    6:    for (int i = 0; i < size; i++) {
branch  0 taken 100%
branch  1 taken 0% (fallthrough)
        2:    7:        if (arr[i] == key) {
branch  0 taken 50% (fallthrough)
branch  1 taken 50%
        1:    8:            return i; // Element found at index i
        -:    9:        }
        -:   10:    }
    #####:   11:    return -1; // Element not found
        -:   12:}
