        -:    0:Source:quickSort.c
        -:    1:#include<stdio.h>
        -:    2:#include"quick.h"
        -:    3:
function main called 0 returned 0% blocks executed 0%
    #####:    4:int main() {
    #####:    5:    int arr[] = {10, 7, 8, 9, 1, 5};
    #####:    6:    int n = sizeof(arr) / sizeof(arr[0]);
        -:    7:
    #####:    8:    printf("Original array: ");
call    0 never executed
    #####:    9:    for (int i = 0; i < n; i++)
branch  0 never executed
branch  1 never executed
    #####:   10:        printf("%d ", arr[i]);
call    0 never executed
    #####:   11:    printf("\n");
call    0 never executed
        -:   12:
    #####:   13:    quickSort(arr, 0, n - 1);
call    0 never executed
        -:   14:
    #####:   15:    printf("Sorted array: ");
call    0 never executed
    #####:   16:    for (int i = 0; i < n; i++)
branch  0 never executed
branch  1 never executed
    #####:   17:        printf("%d ", arr[i]);
call    0 never executed
    #####:   18:    printf("\n");
call    0 never executed
        -:   19:
    #####:   20:    return 0;
        -:   21:}
