        -:    0:Source:mainBST.c
        -:    1:#include <stdio.h>
        -:    2:#include <time.h>
        -:    3:#include "BST.h"
        -:    4:
function main called 1 returned 100% blocks executed 100%
        1:    5:int main() {
        -:    6:    // Creating a binary tree
        1:    7:    struct Node *root = createNode(1);
call    0 returned 100%
        1:    8:    root->left = createNode(2);
call    0 returned 100%
        1:    9:    root->right = createNode(3);
call    0 returned 100%
        1:   10:    root->left->left = createNode(4);
call    0 returned 100%
        1:   11:    root->left->right = createNode(5);
call    0 returned 100%
        -:   12:
        -:   13:    clock_t start, end;
        -:   14:    double cpu_time_used;
        -:   15:
        -:   16:    // Timing the pre-order traversal
        1:   17:    start = clock();
call    0 returned 100%
        1:   18:    printf("Pre-order traversal: ");
call    0 returned 100%
        1:   19:    preorderTraversal(root);
call    0 returned 100%
        1:   20:    printf("\n");
call    0 returned 100%
        1:   21:    end = clock();
call    0 returned 100%
        1:   22:    cpu_time_used = ((double) (end - start)) / CLOCKS_PER_SEC;
        1:   23:    printf("Time taken for pre-order traversal: %f seconds\n", cpu_time_used);
call    0 returned 100%
        -:   24:
        -:   25:    // Timing the post-order traversal
        1:   26:    start = clock();
call    0 returned 100%
        1:   27:    printf("Post-order traversal: ");
call    0 returned 100%
        1:   28:    postorderTraversal(root);
call    0 returned 100%
        1:   29:    printf("\n");
call    0 returned 100%
        1:   30:    end = clock();
call    0 returned 100%
        1:   31:    cpu_time_used = ((double) (end - start)) / CLOCKS_PER_SEC;
        1:   32:    printf("Time taken for post-order traversal: %f seconds\n", cpu_time_used);
call    0 returned 100%
        -:   33:
        1:   34:    return 0;
        -:   35:}
        -:   36:
