        -:    0:Source:stkexp.c
        -:    1:#include "stkexp.h"
        -:    2:#include <stdio.h>
        -:    3:#include<ctype.h>
        -:    4:#include <stdlib.h>
        -:    5:#include <string.h>
        -:    6:
function createStackNode called 8 returned 100% blocks executed 60%
        8:    7:StackNode* createStackNode(int data) {
        8:    8:    StackNode* newNode = (StackNode*)malloc(sizeof(StackNode));
        8:    9:    if (newNode == NULL) {
branch  0 taken 0% (fallthrough)
branch  1 taken 100%
    #####:   10:        printf("Memory allocation failed.\n");
call    0 never executed
    #####:   11:        exit(EXIT_FAILURE);
call    0 never executed
        -:   12:    }
        8:   13:    newNode->data = data;
        8:   14:    newNode->next = NULL;
        8:   15:    return newNode;
        -:   16:}
        -:   17:
function push called 8 returned 100% blocks executed 100%
        8:   18:void push(StackNode** top, int data) {
        8:   19:    StackNode* newNode = createStackNode(data);
call    0 returned 100%
        8:   20:    newNode->next = *top;
        8:   21:    *top = newNode;
        8:   22:}
        -:   23:
function pop called 8 returned 100% blocks executed 67%
        8:   24:int pop(StackNode** top) {
        8:   25:    if (isEmpty(*top)) {
call    0 returned 100%
branch  1 taken 0% (fallthrough)
branch  2 taken 100%
    #####:   26:        printf("Stack underflow.\n");
call    0 never executed
    #####:   27:        exit(EXIT_FAILURE);
call    0 never executed
        -:   28:    }
        8:   29:    StackNode* temp = *top;
        8:   30:    int data = temp->data;
        8:   31:    *top = (*top)->next;
        8:   32:    free(temp);
        8:   33:    return data;
        -:   34:}
        -:   35:
function isEmpty called 19 returned 100% blocks executed 100%
       19:   36:int isEmpty(StackNode* top) {
       19:   37:    return top == NULL;
        -:   38:}
        -:   39:
function peek called 4 returned 100% blocks executed 67%
        4:   40:int peek(StackNode* top) {
        4:   41:    if (isEmpty(top)) {
call    0 returned 100%
branch  1 taken 0% (fallthrough)
branch  2 taken 100%
    #####:   42:        printf("Stack is empty.\n");
call    0 never executed
    #####:   43:        exit(EXIT_FAILURE);
call    0 never executed
        -:   44:    }
        4:   45:    return top->data;
        -:   46:}
        -:   47:
function isOperator called 4 returned 100% blocks executed 75%
        4:   48:int isOperator(char ch) {
       4*:   49:    return (ch == '+' || ch == '-' || ch == '*' || ch == '/');
branch  0 taken 50% (fallthrough)
branch  1 taken 50%
branch  2 taken 100% (fallthrough)
branch  3 taken 0%
branch  4 taken 0% (fallthrough)
branch  5 taken 100%
branch  6 never executed
branch  7 never executed
        -:   50:}
        -:   51:
function precedence called 2 returned 100% blocks executed 88%
        2:   52:int precedence(char op) {
        2:   53:    if (op == '+' || op == '-')
branch  0 taken 50% (fallthrough)
branch  1 taken 50%
branch  2 taken 0% (fallthrough)
branch  3 taken 100%
        1:   54:        return 1;
        1:   55:    if (op == '*' || op == '/')
branch  0 taken 100% (fallthrough)
branch  1 taken 0%
branch  2 taken 0% (fallthrough)
branch  3 taken 100%
    #####:   56:        return 2;
        1:   57:    return 0;
        -:   58:}
        -:   59:
function infixToPostfix called 1 returned 100% blocks executed 83%
        1:   60:void infixToPostfix(char* infix, char* postfix) {
        1:   61:    StackNode* stack = NULL;
        1:   62:    int i = 0, j = 0;
        8:   63:    while (infix[i]) {
branch  0 taken 88%
branch  1 taken 12% (fallthrough)
       7*:   64:        if (infix[i] == ' ' || infix[i] == '\t') {
branch  0 taken 100% (fallthrough)
branch  1 taken 0%
branch  2 taken 0% (fallthrough)
branch  3 taken 100%
    #####:   65:            i++;
    #####:   66:            continue;
        -:   67:        }
        7:   68:        if (isdigit(infix[i])) {
branch  0 taken 43% (fallthrough)
branch  1 taken 57%
        3:   69:            postfix[j++] = infix[i++];
        3:   70:            while (isdigit(infix[i]))
branch  0 taken 0%
branch  1 taken 100% (fallthrough)
    #####:   71:                postfix[j++] = infix[i++];
        3:   72:            postfix[j++] = ' ';
        4:   73:        } else if (infix[i] == '(') {
branch  0 taken 25% (fallthrough)
branch  1 taken 75%
        1:   74:            push(&stack, infix[i++]);
call    0 returned 100%
        3:   75:        } else if (infix[i] == ')') {
branch  0 taken 33% (fallthrough)
branch  1 taken 67%
        2:   76:            while (!isEmpty(stack) && peek(stack) != '(')
call    0 returned 100%
branch  1 taken 100% (fallthrough)
branch  2 taken 0%
call    3 returned 100%
branch  4 taken 50%
branch  5 taken 50% (fallthrough)
        1:   77:                postfix[j++] = pop(&stack);
call    0 returned 100%
        1:   78:            if (!isEmpty(stack) && peek(stack) != '(') {
call    0 returned 100%
branch  1 taken 100% (fallthrough)
branch  2 taken 0%
call    3 returned 100%
branch  4 taken 0% (fallthrough)
branch  5 taken 100%
    #####:   79:                printf("Invalid expression.\n");
call    0 never executed
    #####:   80:                exit(EXIT_FAILURE);
call    0 never executed
        -:   81:            } else {
        1:   82:                pop(&stack);
call    0 returned 100%
        -:   83:            }
        1:   84:            i++;
        2:   85:        } else if (isOperator(infix[i])) {
call    0 returned 100%
branch  1 taken 100% (fallthrough)
branch  2 taken 0%
        2:   86:            while (!isEmpty(stack) && precedence(infix[i]) <= precedence(peek(stack)))
call    0 returned 100%
branch  1 taken 50% (fallthrough)
branch  2 taken 50%
call    3 returned 100%
call    4 returned 100%
call    5 returned 100%
branch  6 taken 0%
branch  7 taken 100% (fallthrough)
    #####:   87:                postfix[j++] = pop(&stack);
call    0 never executed
        2:   88:            push(&stack, infix[i++]);
call    0 returned 100%
        -:   89:        } else {
    #####:   90:            printf("Invalid character in expression.\n");
call    0 never executed
    #####:   91:            exit(EXIT_FAILURE);
call    0 never executed
        -:   92:        }
        -:   93:    }
        2:   94:    while (!isEmpty(stack))
call    0 returned 100%
branch  1 taken 50%
branch  2 taken 50% (fallthrough)
        1:   95:        postfix[j++] = pop(&stack);
call    0 returned 100%
        1:   96:    postfix[j] = '\0';
        1:   97:}
        -:   98:
function evaluatePostfix called 1 returned 100% blocks executed 91%
        1:   99:int evaluatePostfix(char* postfix) {
        1:  100:    StackNode* stack = NULL;
        1:  101:    int i = 0;
        9:  102:    while (postfix[i]) {
branch  0 taken 89%
branch  1 taken 11% (fallthrough)
        8:  103:        if (postfix[i] == ' ' || postfix[i] == '\t') {
branch  0 taken 62% (fallthrough)
branch  1 taken 38%
branch  2 taken 0% (fallthrough)
branch  3 taken 100%
        3:  104:            i++;
        3:  105:            continue;
        -:  106:        }
        5:  107:        if (isdigit(postfix[i])) {
branch  0 taken 60% (fallthrough)
branch  1 taken 40%
        3:  108:            int operand = 0;
        6:  109:            while (isdigit(postfix[i])) {
branch  0 taken 50%
branch  1 taken 50% (fallthrough)
        3:  110:                operand = operand * 10 + (postfix[i] - '0');
        3:  111:                i++;
        -:  112:            }
        3:  113:            push(&stack, operand);
call    0 returned 100%
        2:  114:        } else if (isOperator(postfix[i])) {
call    0 returned 100%
branch  1 taken 100% (fallthrough)
branch  2 taken 0%
        2:  115:            int operand2 = pop(&stack);
call    0 returned 100%
        2:  116:            int operand1 = pop(&stack);
call    0 returned 100%
        2:  117:            switch (postfix[i]) {
branch  0 taken 50%
branch  1 taken 0%
branch  2 taken 50%
branch  3 taken 0%
branch  4 taken 0%
        1:  118:                case '+': push(&stack, operand1 + operand2); break;
call    0 returned 100%
    #####:  119:                case '-': push(&stack, operand1 - operand2); break;
call    0 never executed
        1:  120:                case '*': push(&stack, operand1 * operand2); break;
call    0 returned 100%
    #####:  121:                case '/': push(&stack, operand1 / operand2); break;
call    0 never executed
        -:  122:            }
        2:  123:            i++;
        -:  124:        }
        -:  125:    }
        1:  126:    return pop(&stack);
call    0 returned 100%
        -:  127:}
