        -:    0:Source:partition.c
        -:    1:#include "partition.h"
        -:    2:#include "swap.h"//includes swap function
        -:    3:
function partition called 0 returned 0% blocks executed 0%
    #####:    4:int partition(int arr[], int low, int high) {
    #####:    5:    int pivot = arr[high];// choose the pivt element as the last element of the array
    #####:    6:    int i = (low - 1); // intialize the index of the smaller element 
        -:    7:
    #####:    8:    for (int j = low; j <= high - 1; j++) {
branch  0 never executed
branch  1 never executed
    #####:    9:        if (arr[j] <= pivot) {
branch  0 never executed
branch  1 never executed
    #####:   10:            i++;   // increment the index of smaller element
    #####:   11:            swap(&arr[i], &arr[j]); // swap
call    0 never executed
        -:   12:        }
        -:   13:    }
    #####:   14:    swap(&arr[i + 1], &arr[high]); // placing the pivot element in correct order
call    0 never executed
    #####:   15:    return (i + 1); // return the index of pivot element
        -:   16:}
