        -:    0:Source:main.c
        -:    1:#include "circular_linked_list.h"
        -:    2:#include <stdio.h>
        -:    3:
function main called 1 returned 100% blocks executed 100%
        1:    4:int main() {
        1:    5:    Node *head = NULL;
        -:    6:
        -:    7:    // Inserting elements into the list
        1:    8:    insertAtEnd(&head, 10);
call    0 returned 100%
        1:    9:    insertAtEnd(&head, 20);
call    0 returned 100%
        1:   10:    insertAtEnd(&head, 30);
call    0 returned 100%
        1:   11:    insertAtBeginning(&head, 5);
call    0 returned 100%
        -:   12:    
        -:   13:    // Displaying the list
        1:   14:    displayList(head);
call    0 returned 100%
        -:   15:    
        -:   16:    // Deleting a node
        1:   17:    deleteNode(&head, 20);
call    0 returned 100%
        -:   18:
        -:   19:    // Displaying the list after deletion
        1:   20:    displayList(head);
call    0 returned 100%
        -:   21:
        -:   22:    // Freeing the memory allocated to the list
        1:   23:    freeList(&head);
call    0 returned 100%
        -:   24:
        1:   25:    return 0;
        -:   26:}
