        -:    0:Source:main.c
        -:    1:#include <stdio.h>
        -:    2:#include "quickSort.h"//include quicksort function
        -:    3:#include "printArray.h"//include printarray function
        -:    4:
        1:    5:int main() {
        1:    6:    int arr[] = {10, 7, 8, 9, 1, 5};
        1:    7:    int n = sizeof(arr) / sizeof(arr[0]);
        1:    8:    printArray(arr, n);//print the original array
        1:    9:    quickSort(arr, 0, n - 1);//perform the quick sort array on the array
        1:   10:    printArray(arr, n); // printf the sorted array
        1:   11:    return 0;
        -:   12:}
