        -:    0:Source:main.c
        -:    1:#include <stdio.h>    // including standred input/output headerfiles
        -:    2:#include "merge_sort.h"  // including merge_sort header files
        -:    3:
function main called 1 returned 100% blocks executed 100%
        1:    4:int main() {
        1:    5:    int arr[] = {15, 2, 16, 4, 9, 33};  // array to be sorted
        1:    6:    int arr_size = sizeof(arr) / sizeof(arr[0]); // caliculate size of the array
        -:    7:
        1:    8:    printf("Given array is \n"); // printing the original array
call    0 returned 100%
        7:    9:    for (int i = 0; i < arr_size; i++)
branch  0 taken 86%
branch  1 taken 14% (fallthrough)
        6:   10:        printf("%d ", arr[i]);
call    0 returned 100%
        1:   11:    printf("\n");
call    0 returned 100%
        -:   12:
        1:   13:    merge_sort(arr, 0, arr_size - 1);  // function for merge_sort
call    0 returned 100%
        -:   14:
        1:   15:    printf("Sorted array is \n");      // printing the sorted array
call    0 returned 100%
        7:   16:    for (int i = 0; i < arr_size; i++)
branch  0 taken 86%
branch  1 taken 14% (fallthrough)
        6:   17:        printf("%d ", arr[i]);
call    0 returned 100%
        1:   18:    printf("\n");
call    0 returned 100%
        -:   19:
        1:   20:    return 0;       // executing the programe without errors
        -:   21:}
