        -:    0:Source:div.c
        -:    1://div.c
        -:    2:#include "div.h"
        -:    3:#include<stdio.h>
        -:    4:
        -:    5://define a static function named print_data
function print_data called 0 returned 0% blocks executed 0%
    #####:    6:static void print_data()
        -:    7:{
    #####:    8:        printf("found\n");
call    0 never executed
    #####:    9:}
        -:   10:
        -:   11://Defines a function named divide that takes two integers x and y as parameters. Inside the function, it checks if y is not equal to zero to avoid division by zero error. If y is not zero, it calculates the result of dividing x by y using the / operator and returns the quotient. Otherwise, it returns 0
        -:   12:
function my_div called 1 returned 100% blocks executed 60%
        1:   13:int my_div(int x, int y) {
        1:   14:    if (y == 0 )
branch  0 taken 0% (fallthrough)
branch  1 taken 100%
        -:   15:    {
    #####:   16:	    printf("error: division by zero\n");
call    0 never executed
    #####:   17:	    return 0;
        -:   18:    }
        1:   19:    return x / y;
        -:   20:}
