        -:    0:Source:main.c
        -:    1:#include<stdio.h>
        -:    2:#include"stack.h"
function main called 1 returned 100% blocks executed 100%
        1:    3:int main() {
        -:    4:  //pushing the elements
        1:    5:    stack_push(10);
call    0 returned 100%
        1:    6:    stack_push(20);
call    0 returned 100%
        1:    7:    stack_push(30);
call    0 returned 100%
        1:    8:    stack_push(40);
call    0 returned 100%
        -:    9:   
        -:   10:    //popping the elemnts
        1:   11:    printf("Popped element: %d\n", stack_pop());
call    0 returned 100%
call    1 returned 100%
        1:   12:    printf("Popped element: %d\n", stack_pop());
call    0 returned 100%
call    1 returned 100%
        -:   13:
        1:   14:    return 0;
        -:   15:}
