        -:    0:Source:jump_main.c
        -:    0:Graph:jumpsearch-jump_main.gcno
        -:    0:Data:-
        -:    0:Runs:0
        -:    1:#include <stdio.h>
        -:    2:#include "jumpsearch.h"
        -:    3:
    #####:    4:int main() {
    #####:    5:    int array[] = {1, 2, 3, 4, 5, 6, 7}; // Example sorted array
    #####:    6:    int size = sizeof(array) / sizeof(array[0]); // Calculate the size of the array
    #####:    7:    int target = 5; // Example target value to search
        -:    8:
        -:    9:    // Perform jump search
    #####:   10:    int result = jumpSearch(array, size, target);
        -:   11:
        -:   12:    // Display the result
    #####:   13:    if (result != -1) {
    #####:   14:        printf("Element %d found at index %d.\n", target, result);
        -:   15:    } else {
    #####:   16:        printf("Element %d not found in the array.\n", target);
        -:   17:    }
        -:   18:
    #####:   19:    return 0;
        -:   20:}
        -:   21:
        -:   22:
        -:   23:// vim jump_main.c
        -:   24:// gcc -o jumpsearch jumpsearch.o jump_main.o -lm
        -:   25://./jumpsearch
        -:   26:
