        -:    0:Source:linear.c
        -:    0:Source is newer than graph
        -:    1:#include <stdio.h>
function linearsearch called 1 returned 100% blocks executed 86%
        1:    2:int linearsearch(int arr[],int find)
        -:    3:{
        4:    4:    for (int i = 0; i< 5; i++)
branch  0 taken 100%
branch  1 taken 0% (fallthrough)
        -:    5:    {  
        4:    6:        if (arr[i] == find)
branch  0 taken 25% (fallthrough)
branch  1 taken 75%
        -:    7:        {  
        1:    8:            return i;  
        -:    9:        }  
        -:   10:    }  
    #####:   11:        return -1;  
        -:   12:}  
